cycle 0
$00: 0x00000000
$01: 0x00000000
$02: 0x00000000
$03: 0x00000000
$04: 0x00000000
$05: 0x00000000
$06: 0x00000000
$07: 0x00000000
$08: 0x00000000
$09: 0x00000000
$10: 0x00000000
$11: 0x00000000
$12: 0x00000000
$13: 0x00000000
$14: 0x00000000
$15: 0x00000000
$16: 0x00000000
$17: 0x00000000
$18: 0x00000000
$19: 0x00000000
$20: 0x00000000
$21: 0x00000000
$22: 0x00000000
$23: 0x00000000
$24: 0x00000000
$25: 0x00000000
$26: 0x00000000
$27: 0x00000000
$28: 0x00000000
$29: 0x00000000
$30: 0x00000000
$31: 0x00000000
$HI: 0x00000000
$LO: 0x00000000
PC: 0x00000000


cycle 1
PC: 0x00000004


cycle 2
PC: 0x00000008


cycle 3
PC: 0x0000000C


cycle 4
PC: 0x00000010


cycle 5
PC: 0x00000014


cycle 6
PC: 0x00000018


cycle 7
PC: 0x0000001C


cycle 8
PC: 0x00000020


cycle 9
PC: 0x00000024


cycle 10
PC: 0x00000028


cycle 11
PC: 0x0000002C


cycle 12
PC: 0x00000030


cycle 13
PC: 0x00000034


cycle 14
PC: 0x00000038


cycle 15
PC: 0x0000003C


cycle 16
PC: 0x00000040


cycle 17
PC: 0x00000044


cycle 18
PC: 0x00000048


cycle 19
PC: 0x0000004C


cycle 20
PC: 0x00000050


cycle 21
PC: 0x00000054


cycle 22
PC: 0x00000058


cycle 23
PC: 0x0000005C


cycle 24
PC: 0x00000060


cycle 25
PC: 0x00000064


cycle 26
PC: 0x00000068


cycle 27
PC: 0x0000006C


cycle 28
PC: 0x00000070


cycle 29
PC: 0x00000074


cycle 30
PC: 0x00000078


cycle 31
PC: 0x0000007C


cycle 32
PC: 0x00000080


cycle 33
PC: 0x00000084


cycle 34
PC: 0x00000088


cycle 35
PC: 0x0000008C


cycle 36
PC: 0x00000090


cycle 37
PC: 0x00000094


cycle 38
PC: 0x00000098


cycle 39
PC: 0x0000009C


cycle 40
PC: 0x000000A0


cycle 41
PC: 0x000000A4


cycle 42
PC: 0x000000A8


cycle 43
PC: 0x000000AC


cycle 44
PC: 0x000000B0


cycle 45
PC: 0x000000B4


cycle 46
PC: 0x000000B8


cycle 47
PC: 0x000000BC


cycle 48
PC: 0x000000C0


cycle 49
PC: 0x000000C4


cycle 50
PC: 0x000000C8


cycle 51
PC: 0x000000CC


cycle 52
PC: 0x000000D0


cycle 53
PC: 0x000000D4


cycle 54
PC: 0x000000D8


cycle 55
PC: 0x000000DC


cycle 56
PC: 0x000000E0


cycle 57
PC: 0x000000E4


cycle 58
PC: 0x000000E8


cycle 59
PC: 0x000000EC


cycle 60
PC: 0x000000F0


cycle 61
PC: 0x000000F4


cycle 62
PC: 0x000000F8


cycle 63
PC: 0x000000FC


cycle 64
PC: 0x00000100


cycle 65
PC: 0x00000104


cycle 66
PC: 0x00000108


cycle 67
PC: 0x0000010C


cycle 68
PC: 0x00000110


cycle 69
PC: 0x00000114


cycle 70
PC: 0x00000118


cycle 71
PC: 0x0000011C


cycle 72
PC: 0x00000120


cycle 73
PC: 0x00000124


cycle 74
PC: 0x00000128


cycle 75
PC: 0x0000012C


cycle 76
PC: 0x00000130


cycle 77
PC: 0x00000134


cycle 78
PC: 0x00000138


cycle 79
PC: 0x0000013C


cycle 80
PC: 0x00000140


cycle 81
PC: 0x00000144


cycle 82
PC: 0x00000148


cycle 83
PC: 0x0000014C


cycle 84
PC: 0x00000150


cycle 85
PC: 0x00000154


cycle 86
PC: 0x00000158


cycle 87
PC: 0x0000015C


cycle 88
PC: 0x00000160


cycle 89
PC: 0x00000164


cycle 90
PC: 0x00000168


cycle 91
PC: 0x0000016C


cycle 92
PC: 0x00000170


cycle 93
PC: 0x00000174


cycle 94
PC: 0x00000178


cycle 95
PC: 0x0000017C


cycle 96
PC: 0x00000180


cycle 97
PC: 0x00000184


cycle 98
PC: 0x00000188


cycle 99
PC: 0x0000018C


cycle 100
PC: 0x00000190


cycle 101
PC: 0x00000194


cycle 102
PC: 0x00000198


cycle 103
PC: 0x0000019C


cycle 104
PC: 0x000001A0


cycle 105
PC: 0x000001A4


cycle 106
PC: 0x000001A8


cycle 107
PC: 0x000001AC


cycle 108
PC: 0x000001B0


cycle 109
PC: 0x000001B4


cycle 110
PC: 0x000001B8


cycle 111
PC: 0x000001BC


cycle 112
PC: 0x000001C0


cycle 113
PC: 0x000001C4


cycle 114
PC: 0x000001C8


cycle 115
PC: 0x000001CC


cycle 116
PC: 0x000001D0


cycle 117
PC: 0x000001D4


cycle 118
PC: 0x000001D8


cycle 119
PC: 0x000001DC


cycle 120
PC: 0x000001E0


cycle 121
PC: 0x000001E4


cycle 122
PC: 0x000001E8


cycle 123
PC: 0x000001EC


cycle 124
PC: 0x000001F0


cycle 125
PC: 0x000001F4


cycle 126
PC: 0x000001F8


cycle 127
PC: 0x000001FC


cycle 128
PC: 0x00000200


cycle 129
PC: 0x00000204


cycle 130
PC: 0x00000208


cycle 131
PC: 0x0000020C


cycle 132
PC: 0x00000210


cycle 133
PC: 0x00000214


cycle 134
PC: 0x00000218


cycle 135
PC: 0x0000021C


cycle 136
PC: 0x00000220


cycle 137
PC: 0x00000224


cycle 138
PC: 0x00000228


cycle 139
PC: 0x0000022C


cycle 140
PC: 0x00000230


cycle 141
PC: 0x00000234


cycle 142
PC: 0x00000238


cycle 143
PC: 0x0000023C


cycle 144
PC: 0x00000240


cycle 145
PC: 0x00000244


cycle 146
PC: 0x00000248


cycle 147
PC: 0x0000024C


cycle 148
PC: 0x00000250


cycle 149
PC: 0x00000254


cycle 150
PC: 0x00000258


cycle 151
PC: 0x0000025C


cycle 152
PC: 0x00000260


cycle 153
PC: 0x00000264


cycle 154
PC: 0x00000268


cycle 155
PC: 0x0000026C


cycle 156
PC: 0x00000270


cycle 157
PC: 0x00000274


cycle 158
PC: 0x00000278


cycle 159
PC: 0x0000027C


cycle 160
PC: 0x00000280


cycle 161
PC: 0x00000284


cycle 162
PC: 0x00000288


cycle 163
PC: 0x0000028C


cycle 164
PC: 0x00000290


cycle 165
PC: 0x00000294


cycle 166
PC: 0x00000298


cycle 167
PC: 0x0000029C


cycle 168
PC: 0x000002A0


cycle 169
PC: 0x000002A4


cycle 170
PC: 0x000002A8


cycle 171
PC: 0x000002AC


cycle 172
PC: 0x000002B0


cycle 173
PC: 0x000002B4


cycle 174
PC: 0x000002B8


cycle 175
PC: 0x000002BC


cycle 176
PC: 0x000002C0


cycle 177
PC: 0x000002C4


cycle 178
PC: 0x000002C8


cycle 179
PC: 0x000002CC


cycle 180
PC: 0x000002D0


cycle 181
PC: 0x000002D4


cycle 182
PC: 0x000002D8


cycle 183
PC: 0x000002DC


cycle 184
PC: 0x000002E0


cycle 185
PC: 0x000002E4


cycle 186
PC: 0x000002E8


cycle 187
PC: 0x000002EC


cycle 188
PC: 0x000002F0


cycle 189
PC: 0x000002F4


cycle 190
PC: 0x000002F8


cycle 191
PC: 0x000002FC


cycle 192
PC: 0x00000300


cycle 193
PC: 0x00000304


cycle 194
PC: 0x00000308


cycle 195
PC: 0x0000030C


cycle 196
PC: 0x00000310


cycle 197
PC: 0x00000314


cycle 198
PC: 0x00000318


cycle 199
PC: 0x0000031C


cycle 200
PC: 0x00000320


cycle 201
PC: 0x00000324


cycle 202
PC: 0x00000328


cycle 203
PC: 0x0000032C


cycle 204
PC: 0x00000330


cycle 205
PC: 0x00000334


cycle 206
PC: 0x00000338


cycle 207
PC: 0x0000033C


cycle 208
PC: 0x00000340


cycle 209
PC: 0x00000344


cycle 210
PC: 0x00000348


cycle 211
PC: 0x0000034C


cycle 212
PC: 0x00000350


cycle 213
PC: 0x00000354


cycle 214
PC: 0x00000358


cycle 215
PC: 0x0000035C


cycle 216
PC: 0x00000360


cycle 217
PC: 0x00000364


cycle 218
PC: 0x00000368


cycle 219
PC: 0x0000036C


cycle 220
PC: 0x00000370


cycle 221
PC: 0x00000374


cycle 222
PC: 0x00000378


cycle 223
PC: 0x0000037C


cycle 224
PC: 0x00000380


cycle 225
PC: 0x00000384


cycle 226
PC: 0x00000388


cycle 227
PC: 0x0000038C


cycle 228
PC: 0x00000390


cycle 229
PC: 0x00000394


cycle 230
PC: 0x00000398


cycle 231
PC: 0x0000039C


cycle 232
PC: 0x000003A0


cycle 233
PC: 0x000003A4


cycle 234
PC: 0x000003A8


cycle 235
PC: 0x000003AC


cycle 236
PC: 0x000003B0


cycle 237
PC: 0x000003B4


cycle 238
PC: 0x000003B8


cycle 239
PC: 0x000003BC


cycle 240
PC: 0x000003C0


cycle 241
PC: 0x000003C4


cycle 242
PC: 0x000003C8


cycle 243
PC: 0x000003CC


cycle 244
PC: 0x000003D0


cycle 245
PC: 0x000003D4


cycle 246
PC: 0x000003D8


cycle 247
PC: 0x000003DC


cycle 248
PC: 0x000003E0


cycle 249
PC: 0x000003E4


cycle 250
PC: 0x000003E8


cycle 251
PC: 0x000003EC


cycle 252
PC: 0x000003F0


cycle 253
PC: 0x000003F4


cycle 254
PC: 0x000003F8


cycle 255
PC: 0x000003FC


cycle 256
PC: 0x00000400


cycle 257
PC: 0x00000404


cycle 258
PC: 0x00000408


cycle 259
PC: 0x0000040C


cycle 260
PC: 0x00000410


cycle 261
PC: 0x00000414


cycle 262
PC: 0x00000418


cycle 263
PC: 0x0000041C


cycle 264
PC: 0x00000420


cycle 265
PC: 0x00000424


cycle 266
PC: 0x00000428


cycle 267
PC: 0x0000042C


cycle 268
PC: 0x00000430


cycle 269
PC: 0x00000434


cycle 270
PC: 0x00000438


cycle 271
PC: 0x0000043C


cycle 272
PC: 0x00000440


cycle 273
PC: 0x00000444


cycle 274
PC: 0x00000448


cycle 275
PC: 0x0000044C


cycle 276
PC: 0x00000450


cycle 277
PC: 0x00000454


cycle 278
PC: 0x00000458


cycle 279
PC: 0x0000045C


cycle 280
PC: 0x00000460


cycle 281
PC: 0x00000464


cycle 282
PC: 0x00000468


cycle 283
PC: 0x0000046C


cycle 284
PC: 0x00000470


cycle 285
PC: 0x00000474


cycle 286
PC: 0x00000478


cycle 287
PC: 0x0000047C


cycle 288
PC: 0x00000480


cycle 289
PC: 0x00000484


cycle 290
PC: 0x00000488


cycle 291
PC: 0x0000048C


cycle 292
PC: 0x00000490


cycle 293
PC: 0x00000494


cycle 294
PC: 0x00000498


cycle 295
PC: 0x0000049C


cycle 296
PC: 0x000004A0


cycle 297
PC: 0x000004A4


cycle 298
PC: 0x000004A8


cycle 299
PC: 0x000004AC


cycle 300
PC: 0x000004B0


cycle 301
PC: 0x000004B4


cycle 302
PC: 0x000004B8


cycle 303
PC: 0x000004BC


cycle 304
PC: 0x000004C0


cycle 305
PC: 0x000004C4


cycle 306
PC: 0x000004C8


cycle 307
PC: 0x000004CC


cycle 308
PC: 0x000004D0


cycle 309
PC: 0x000004D4


cycle 310
PC: 0x000004D8


cycle 311
PC: 0x000004DC


cycle 312
PC: 0x000004E0


cycle 313
PC: 0x000004E4


cycle 314
PC: 0x000004E8


cycle 315
PC: 0x000004EC


cycle 316
PC: 0x000004F0


cycle 317
PC: 0x000004F4


cycle 318
PC: 0x000004F8


cycle 319
PC: 0x000004FC


cycle 320
PC: 0x00000500


cycle 321
PC: 0x00000504


cycle 322
PC: 0x00000508


cycle 323
PC: 0x0000050C


cycle 324
PC: 0x00000510


cycle 325
PC: 0x00000514


cycle 326
PC: 0x00000518


cycle 327
PC: 0x0000051C


cycle 328
PC: 0x00000520


cycle 329
PC: 0x00000524


cycle 330
PC: 0x00000528


cycle 331
PC: 0x0000052C


cycle 332
PC: 0x00000530


cycle 333
PC: 0x00000534


cycle 334
PC: 0x00000538


cycle 335
PC: 0x0000053C


cycle 336
PC: 0x00000540


cycle 337
PC: 0x00000544


cycle 338
PC: 0x00000548


cycle 339
PC: 0x0000054C


cycle 340
PC: 0x00000550


cycle 341
PC: 0x00000554


cycle 342
PC: 0x00000558


cycle 343
PC: 0x0000055C


cycle 344
PC: 0x00000560


cycle 345
PC: 0x00000564


cycle 346
PC: 0x00000568


cycle 347
PC: 0x0000056C


cycle 348
PC: 0x00000570


cycle 349
PC: 0x00000574


cycle 350
PC: 0x00000578


cycle 351
PC: 0x0000057C


cycle 352
PC: 0x00000580


cycle 353
PC: 0x00000584


cycle 354
PC: 0x00000588


cycle 355
PC: 0x0000058C


cycle 356
PC: 0x00000590


cycle 357
PC: 0x00000594


cycle 358
PC: 0x00000598


cycle 359
PC: 0x0000059C


cycle 360
PC: 0x000005A0


cycle 361
PC: 0x000005A4


cycle 362
PC: 0x000005A8


cycle 363
PC: 0x000005AC


cycle 364
PC: 0x000005B0


cycle 365
PC: 0x000005B4


cycle 366
PC: 0x000005B8


cycle 367
PC: 0x000005BC


cycle 368
PC: 0x000005C0


cycle 369
PC: 0x000005C4


cycle 370
PC: 0x000005C8


cycle 371
PC: 0x000005CC


cycle 372
PC: 0x000005D0


cycle 373
PC: 0x000005D4


cycle 374
PC: 0x000005D8


cycle 375
PC: 0x000005DC


cycle 376
PC: 0x000005E0


cycle 377
PC: 0x000005E4


cycle 378
PC: 0x000005E8


cycle 379
PC: 0x000005EC


cycle 380
PC: 0x000005F0


cycle 381
PC: 0x000005F4


cycle 382
PC: 0x000005F8


cycle 383
PC: 0x000005FC


cycle 384
PC: 0x00000600


cycle 385
PC: 0x00000604


cycle 386
PC: 0x00000608


cycle 387
PC: 0x0000060C


cycle 388
PC: 0x00000610


cycle 389
PC: 0x00000614


cycle 390
PC: 0x00000618


cycle 391
PC: 0x0000061C


cycle 392
PC: 0x00000620


cycle 393
PC: 0x00000624


cycle 394
PC: 0x00000628


cycle 395
PC: 0x0000062C


cycle 396
PC: 0x00000630


cycle 397
PC: 0x00000634


cycle 398
PC: 0x00000638


cycle 399
PC: 0x0000063C


cycle 400
PC: 0x00000640


cycle 401
PC: 0x00000644


cycle 402
PC: 0x00000648


cycle 403
PC: 0x0000064C


cycle 404
PC: 0x00000650


cycle 405
PC: 0x00000654


cycle 406
PC: 0x00000658


cycle 407
PC: 0x0000065C


cycle 408
PC: 0x00000660


cycle 409
PC: 0x00000664


cycle 410
PC: 0x00000668


cycle 411
PC: 0x0000066C


cycle 412
PC: 0x00000670


cycle 413
PC: 0x00000674


cycle 414
PC: 0x00000678


cycle 415
PC: 0x0000067C


cycle 416
PC: 0x00000680


cycle 417
PC: 0x00000684


cycle 418
PC: 0x00000688


cycle 419
PC: 0x0000068C


cycle 420
PC: 0x00000690


cycle 421
PC: 0x00000694


cycle 422
PC: 0x00000698


cycle 423
PC: 0x0000069C


cycle 424
PC: 0x000006A0


cycle 425
PC: 0x000006A4


cycle 426
PC: 0x000006A8


cycle 427
PC: 0x000006AC


cycle 428
PC: 0x000006B0


cycle 429
PC: 0x000006B4


cycle 430
PC: 0x000006B8


cycle 431
PC: 0x000006BC


cycle 432
PC: 0x000006C0


cycle 433
PC: 0x000006C4


cycle 434
PC: 0x000006C8


cycle 435
PC: 0x000006CC


cycle 436
PC: 0x000006D0


cycle 437
PC: 0x000006D4


cycle 438
PC: 0x000006D8


cycle 439
PC: 0x000006DC


cycle 440
PC: 0x000006E0


cycle 441
PC: 0x000006E4


cycle 442
PC: 0x000006E8


cycle 443
PC: 0x000006EC


cycle 444
PC: 0x000006F0


cycle 445
PC: 0x000006F4


cycle 446
PC: 0x000006F8


cycle 447
PC: 0x000006FC


cycle 448
PC: 0x00000700


cycle 449
PC: 0x00000704


cycle 450
PC: 0x00000708


cycle 451
PC: 0x0000070C


cycle 452
PC: 0x00000710


cycle 453
PC: 0x00000714


cycle 454
PC: 0x00000718


cycle 455
PC: 0x0000071C


cycle 456
PC: 0x00000720


cycle 457
PC: 0x00000724


cycle 458
PC: 0x00000728


cycle 459
PC: 0x0000072C


cycle 460
PC: 0x00000730


cycle 461
PC: 0x00000734


cycle 462
PC: 0x00000738


cycle 463
PC: 0x0000073C


cycle 464
PC: 0x00000740


cycle 465
PC: 0x00000744


cycle 466
PC: 0x00000748


cycle 467
PC: 0x0000074C


cycle 468
PC: 0x00000750


cycle 469
PC: 0x00000754


cycle 470
PC: 0x00000758


cycle 471
PC: 0x0000075C


cycle 472
PC: 0x00000760


cycle 473
PC: 0x00000764


cycle 474
PC: 0x00000768


cycle 475
PC: 0x0000076C


cycle 476
PC: 0x00000770


cycle 477
PC: 0x00000774


cycle 478
PC: 0x00000778


cycle 479
PC: 0x0000077C


cycle 480
PC: 0x00000780


cycle 481
PC: 0x00000784


cycle 482
PC: 0x00000788


cycle 483
PC: 0x0000078C


cycle 484
PC: 0x00000790


cycle 485
PC: 0x00000794


cycle 486
PC: 0x00000798


cycle 487
PC: 0x0000079C


cycle 488
PC: 0x000007A0


cycle 489
PC: 0x000007A4


cycle 490
PC: 0x000007A8


cycle 491
PC: 0x000007AC


cycle 492
PC: 0x000007B0


cycle 493
PC: 0x000007B4


cycle 494
PC: 0x000007B8


cycle 495
PC: 0x000007BC


cycle 496
PC: 0x000007C0


cycle 497
PC: 0x000007C4


cycle 498
PC: 0x000007C8


cycle 499
PC: 0x000007CC


cycle 500
PC: 0x000007D0


cycle 501
PC: 0x000007D4


cycle 502
PC: 0x000007D8


cycle 503
PC: 0x000007DC


cycle 504
PC: 0x000007E0


cycle 505
PC: 0x000007E4


cycle 506
PC: 0x000007E8


cycle 507
PC: 0x000007EC


cycle 508
PC: 0x000007F0


cycle 509
PC: 0x000007F4


cycle 510
PC: 0x000007F8


cycle 511
PC: 0x000007FC


cycle 512
PC: 0x00000800


cycle 513
PC: 0x00000804


cycle 514
PC: 0x00000808


cycle 515
PC: 0x0000080C


cycle 516
PC: 0x00000810


cycle 517
PC: 0x00000814


cycle 518
PC: 0x00000818


cycle 519
PC: 0x0000081C


cycle 520
PC: 0x00000820


cycle 521
PC: 0x00000824


cycle 522
PC: 0x00000828


cycle 523
PC: 0x0000082C


cycle 524
PC: 0x00000830


cycle 525
PC: 0x00000834


cycle 526
PC: 0x00000838


cycle 527
PC: 0x0000083C


cycle 528
PC: 0x00000840


cycle 529
PC: 0x00000844


cycle 530
PC: 0x00000848


cycle 531
PC: 0x0000084C


cycle 532
PC: 0x00000850


cycle 533
PC: 0x00000854


cycle 534
PC: 0x00000858


cycle 535
PC: 0x0000085C


cycle 536
PC: 0x00000860


cycle 537
PC: 0x00000864


cycle 538
PC: 0x00000868


cycle 539
PC: 0x0000086C


cycle 540
PC: 0x00000870


cycle 541
PC: 0x00000874


cycle 542
PC: 0x00000878


cycle 543
PC: 0x0000087C


cycle 544
PC: 0x00000880


cycle 545
PC: 0x00000884


cycle 546
PC: 0x00000888


cycle 547
PC: 0x0000088C


cycle 548
PC: 0x00000890


cycle 549
PC: 0x00000894


cycle 550
PC: 0x00000898


cycle 551
PC: 0x0000089C


cycle 552
PC: 0x000008A0


cycle 553
PC: 0x000008A4


cycle 554
PC: 0x000008A8


cycle 555
PC: 0x000008AC


cycle 556
PC: 0x000008B0


cycle 557
PC: 0x000008B4


cycle 558
PC: 0x000008B8


cycle 559
PC: 0x000008BC


cycle 560
PC: 0x000008C0


cycle 561
PC: 0x000008C4


cycle 562
PC: 0x000008C8


cycle 563
PC: 0x000008CC


cycle 564
PC: 0x000008D0


cycle 565
PC: 0x000008D4


cycle 566
PC: 0x000008D8


cycle 567
PC: 0x000008DC


cycle 568
PC: 0x000008E0


cycle 569
PC: 0x000008E4


cycle 570
PC: 0x000008E8


cycle 571
PC: 0x000008EC


cycle 572
PC: 0x000008F0


cycle 573
PC: 0x000008F4


cycle 574
PC: 0x000008F8


cycle 575
PC: 0x000008FC


cycle 576
PC: 0x00000900


cycle 577
PC: 0x00000904


cycle 578
PC: 0x00000908


cycle 579
PC: 0x0000090C


cycle 580
PC: 0x00000910


cycle 581
PC: 0x00000914


cycle 582
PC: 0x00000918


cycle 583
PC: 0x0000091C


cycle 584
PC: 0x00000000


cycle 585
PC: 0x00000004


cycle 586
PC: 0x00000008


cycle 587
PC: 0x0000000C


cycle 588
PC: 0x00000010


cycle 589
PC: 0x00000014


cycle 590
PC: 0x00000018


cycle 591
PC: 0x0000001C


cycle 592
PC: 0x00000020


cycle 593
PC: 0x00000024


cycle 594
PC: 0x00000028


cycle 595
PC: 0x0000002C


cycle 596
PC: 0x00000030


cycle 597
PC: 0x00000034


cycle 598
PC: 0x00000038


cycle 599
PC: 0x0000003C


cycle 600
PC: 0x00000040


cycle 601
PC: 0x00000044


cycle 602
PC: 0x00000048


cycle 603
PC: 0x0000004C


cycle 604
PC: 0x00000050


cycle 605
PC: 0x00000054


cycle 606
PC: 0x00000058


cycle 607
PC: 0x0000005C


cycle 608
PC: 0x00000060


cycle 609
PC: 0x00000064


cycle 610
PC: 0x00000068


cycle 611
PC: 0x0000006C


cycle 612
PC: 0x00000070


cycle 613
PC: 0x00000074


cycle 614
PC: 0x00000078


cycle 615
PC: 0x0000007C


cycle 616
PC: 0x00000080


cycle 617
PC: 0x00000084


cycle 618
PC: 0x00000088


cycle 619
PC: 0x0000008C


cycle 620
PC: 0x00000090


cycle 621
PC: 0x00000094


cycle 622
PC: 0x00000098


cycle 623
PC: 0x0000009C


cycle 624
PC: 0x000000A0


cycle 625
PC: 0x000000A4


cycle 626
PC: 0x000000A8


cycle 627
PC: 0x000000AC


cycle 628
PC: 0x000000B0


cycle 629
PC: 0x000000B4


cycle 630
PC: 0x000000B8


cycle 631
PC: 0x000000BC


cycle 632
PC: 0x000000C0


cycle 633
PC: 0x000000C4


cycle 634
PC: 0x000000C8


cycle 635
PC: 0x000000CC


cycle 636
PC: 0x000000D0


cycle 637
PC: 0x000000D4


cycle 638
PC: 0x000000D8


cycle 639
PC: 0x000000DC


cycle 640
PC: 0x000000E0


cycle 641
PC: 0x000000E4


cycle 642
PC: 0x000000E8


cycle 643
PC: 0x000000EC


cycle 644
PC: 0x000000F0


cycle 645
PC: 0x000000F4


cycle 646
PC: 0x000000F8


cycle 647
PC: 0x000000FC


cycle 648
PC: 0x00000100


cycle 649
PC: 0x00000104


cycle 650
PC: 0x00000108


cycle 651
PC: 0x0000010C


cycle 652
PC: 0x00000110


cycle 653
PC: 0x00000114


cycle 654
PC: 0x00000118


cycle 655
PC: 0x0000011C


cycle 656
PC: 0x00000120


cycle 657
PC: 0x00000124


cycle 658
PC: 0x00000128


cycle 659
PC: 0x0000012C


cycle 660
PC: 0x00000130


cycle 661
PC: 0x00000134


cycle 662
PC: 0x00000138


cycle 663
PC: 0x0000013C


cycle 664
PC: 0x00000140


cycle 665
PC: 0x00000144


cycle 666
PC: 0x00000148


cycle 667
PC: 0x0000014C


cycle 668
PC: 0x00000150


cycle 669
PC: 0x00000154


cycle 670
PC: 0x00000158


cycle 671
PC: 0x0000015C


cycle 672
PC: 0x00000160


cycle 673
PC: 0x00000164


cycle 674
PC: 0x00000168


cycle 675
PC: 0x0000016C


cycle 676
PC: 0x00000170


cycle 677
PC: 0x00000174


cycle 678
PC: 0x00000178


cycle 679
PC: 0x0000017C


cycle 680
PC: 0x00000180


cycle 681
PC: 0x00000184


cycle 682
PC: 0x00000188


cycle 683
PC: 0x0000018C


cycle 684
PC: 0x00000190


cycle 685
PC: 0x00000194


cycle 686
PC: 0x00000198


cycle 687
PC: 0x0000019C


cycle 688
PC: 0x000001A0


cycle 689
PC: 0x000001A4


cycle 690
PC: 0x000001A8


cycle 691
PC: 0x000001AC


cycle 692
PC: 0x000001B0


cycle 693
PC: 0x000001B4


cycle 694
PC: 0x000001B8


cycle 695
PC: 0x000001BC


cycle 696
PC: 0x000001C0


cycle 697
PC: 0x000001C4


cycle 698
PC: 0x000001C8


cycle 699
PC: 0x000001CC


cycle 700
PC: 0x000001D0


cycle 701
PC: 0x000001D4


cycle 702
PC: 0x000001D8


cycle 703
PC: 0x000001DC


cycle 704
PC: 0x000001E0


cycle 705
PC: 0x000001E4


cycle 706
PC: 0x000001E8


cycle 707
PC: 0x000001EC


cycle 708
PC: 0x000001F0


cycle 709
PC: 0x000001F4


cycle 710
PC: 0x000001F8


cycle 711
PC: 0x000001FC


cycle 712
PC: 0x00000200


cycle 713
PC: 0x00000204


cycle 714
PC: 0x00000208


cycle 715
PC: 0x0000020C


cycle 716
PC: 0x00000210


cycle 717
PC: 0x00000214


cycle 718
PC: 0x00000218


cycle 719
PC: 0x0000021C


cycle 720
PC: 0x00000220


cycle 721
PC: 0x00000224


cycle 722
PC: 0x00000228


cycle 723
PC: 0x0000022C


cycle 724
PC: 0x00000230


cycle 725
PC: 0x00000234


cycle 726
PC: 0x00000238


cycle 727
PC: 0x0000023C


cycle 728
PC: 0x00000240


cycle 729
PC: 0x00000244


cycle 730
PC: 0x00000248


cycle 731
PC: 0x0000024C


cycle 732
PC: 0x00000250


cycle 733
PC: 0x00000254


cycle 734
PC: 0x00000258


cycle 735
PC: 0x0000025C


cycle 736
PC: 0x00000260


cycle 737
PC: 0x00000264


cycle 738
PC: 0x00000268


cycle 739
PC: 0x0000026C


cycle 740
PC: 0x00000270


cycle 741
PC: 0x00000274


cycle 742
PC: 0x00000278


cycle 743
PC: 0x0000027C


cycle 744
PC: 0x00000280


cycle 745
PC: 0x00000284


cycle 746
PC: 0x00000288


cycle 747
PC: 0x0000028C


cycle 748
PC: 0x00000290


cycle 749
PC: 0x00000294


cycle 750
PC: 0x00000298


cycle 751
PC: 0x0000029C


cycle 752
PC: 0x000002A0


cycle 753
PC: 0x000002A4


cycle 754
PC: 0x000002A8


cycle 755
PC: 0x000002AC


cycle 756
PC: 0x000002B0


cycle 757
PC: 0x000002B4


cycle 758
PC: 0x000002B8


cycle 759
PC: 0x000002BC


cycle 760
PC: 0x000002C0


cycle 761
PC: 0x000002C4


cycle 762
PC: 0x000002C8


cycle 763
PC: 0x000002CC


cycle 764
PC: 0x000002D0


cycle 765
PC: 0x000002D4


cycle 766
PC: 0x000002D8


cycle 767
PC: 0x000002DC


cycle 768
PC: 0x000002E0


cycle 769
PC: 0x000002E4


cycle 770
PC: 0x000002E8


cycle 771
PC: 0x000002EC


cycle 772
PC: 0x000002F0


cycle 773
PC: 0x000002F4


cycle 774
PC: 0x000002F8


cycle 775
PC: 0x000002FC


cycle 776
PC: 0x00000300


cycle 777
PC: 0x00000304


cycle 778
PC: 0x00000308


cycle 779
PC: 0x0000030C


cycle 780
PC: 0x00000310


cycle 781
PC: 0x00000314


cycle 782
PC: 0x00000318


cycle 783
PC: 0x0000031C


cycle 784
PC: 0x00000320


cycle 785
PC: 0x00000324


cycle 786
PC: 0x00000328


cycle 787
PC: 0x0000032C


cycle 788
PC: 0x00000330


cycle 789
PC: 0x00000334


cycle 790
PC: 0x00000338


cycle 791
PC: 0x0000033C


cycle 792
PC: 0x00000340


cycle 793
PC: 0x00000344


cycle 794
PC: 0x00000348


cycle 795
PC: 0x0000034C


cycle 796
PC: 0x00000350


cycle 797
PC: 0x00000354


cycle 798
PC: 0x00000358


cycle 799
PC: 0x0000035C


cycle 800
PC: 0x00000360


cycle 801
PC: 0x00000364


cycle 802
PC: 0x00000368


cycle 803
PC: 0x0000036C


cycle 804
PC: 0x00000370


cycle 805
PC: 0x00000374


cycle 806
PC: 0x00000378


cycle 807
PC: 0x0000037C


cycle 808
PC: 0x00000380


cycle 809
PC: 0x00000384


cycle 810
PC: 0x00000388


cycle 811
PC: 0x0000038C


cycle 812
PC: 0x00000390


cycle 813
PC: 0x00000394


cycle 814
PC: 0x00000398


cycle 815
PC: 0x0000039C


cycle 816
PC: 0x000003A0


cycle 817
PC: 0x000003A4


cycle 818
PC: 0x000003A8


cycle 819
PC: 0x000003AC


cycle 820
PC: 0x000003B0


cycle 821
PC: 0x000003B4


cycle 822
PC: 0x000003B8


cycle 823
PC: 0x000003BC


cycle 824
PC: 0x000003C0


cycle 825
PC: 0x000003C4


cycle 826
PC: 0x000003C8


cycle 827
PC: 0x000003CC


cycle 828
PC: 0x000003D0


cycle 829
PC: 0x000003D4


cycle 830
PC: 0x000003D8


cycle 831
PC: 0x000003DC


cycle 832
PC: 0x000003E0


cycle 833
PC: 0x000003E4


cycle 834
PC: 0x000003E8


cycle 835
PC: 0x000003EC


cycle 836
PC: 0x000003F0


cycle 837
PC: 0x000003F4


cycle 838
PC: 0x000003F8


cycle 839
PC: 0x000003FC


cycle 840
PC: 0x00000400


cycle 841
PC: 0x00000404


cycle 842
PC: 0x00000408


cycle 843
PC: 0x0000040C


cycle 844
PC: 0x00000410


cycle 845
PC: 0x00000414


cycle 846
PC: 0x00000418


cycle 847
PC: 0x0000041C


cycle 848
PC: 0x00000420


cycle 849
PC: 0x00000424


cycle 850
PC: 0x00000428


cycle 851
PC: 0x0000042C


cycle 852
PC: 0x00000430


cycle 853
PC: 0x00000434


cycle 854
PC: 0x00000438


cycle 855
PC: 0x0000043C


cycle 856
PC: 0x00000440


cycle 857
PC: 0x00000444


cycle 858
PC: 0x00000448


cycle 859
PC: 0x0000044C


cycle 860
PC: 0x00000450


cycle 861
PC: 0x00000454


cycle 862
PC: 0x00000458


cycle 863
PC: 0x0000045C


cycle 864
PC: 0x00000460


cycle 865
PC: 0x00000464


cycle 866
PC: 0x00000468


cycle 867
PC: 0x0000046C


cycle 868
PC: 0x00000470


cycle 869
PC: 0x00000474


cycle 870
PC: 0x00000478


cycle 871
PC: 0x0000047C


cycle 872
PC: 0x00000480


cycle 873
PC: 0x00000484


cycle 874
PC: 0x00000488


cycle 875
PC: 0x0000048C


cycle 876
PC: 0x00000490


cycle 877
PC: 0x00000494


cycle 878
PC: 0x00000498


cycle 879
PC: 0x0000049C


cycle 880
PC: 0x000004A0


cycle 881
PC: 0x000004A4


cycle 882
PC: 0x000004A8


cycle 883
PC: 0x000004AC


cycle 884
PC: 0x000004B0


cycle 885
PC: 0x000004B4


cycle 886
PC: 0x000004B8


cycle 887
PC: 0x000004BC


cycle 888
PC: 0x000004C0


cycle 889
PC: 0x000004C4


cycle 890
PC: 0x000004C8


cycle 891
PC: 0x000004CC


cycle 892
PC: 0x000004D0


cycle 893
PC: 0x000004D4


cycle 894
PC: 0x000004D8


cycle 895
PC: 0x000004DC


cycle 896
PC: 0x000004E0


cycle 897
PC: 0x000004E4


cycle 898
PC: 0x000004E8


cycle 899
PC: 0x000004EC


cycle 900
PC: 0x000004F0


cycle 901
PC: 0x000004F4


cycle 902
PC: 0x000004F8


cycle 903
PC: 0x000004FC


cycle 904
PC: 0x00000500


cycle 905
PC: 0x00000504


cycle 906
PC: 0x00000508


cycle 907
PC: 0x0000050C


cycle 908
PC: 0x00000510


cycle 909
PC: 0x00000514


cycle 910
PC: 0x00000518


cycle 911
PC: 0x0000051C


cycle 912
PC: 0x00000520


cycle 913
PC: 0x00000524


cycle 914
PC: 0x00000528


cycle 915
PC: 0x0000052C


cycle 916
PC: 0x00000530


cycle 917
PC: 0x00000534


cycle 918
PC: 0x00000538


cycle 919
PC: 0x0000053C


cycle 920
PC: 0x00000540


cycle 921
PC: 0x00000544


cycle 922
PC: 0x00000548


cycle 923
PC: 0x0000054C


cycle 924
PC: 0x00000550


cycle 925
PC: 0x00000554


cycle 926
PC: 0x00000558


cycle 927
PC: 0x0000055C


cycle 928
PC: 0x00000560


cycle 929
PC: 0x00000564


cycle 930
PC: 0x00000568


cycle 931
PC: 0x0000056C


cycle 932
PC: 0x00000570


cycle 933
PC: 0x00000574


cycle 934
PC: 0x00000578


cycle 935
PC: 0x0000057C


cycle 936
PC: 0x00000580


cycle 937
PC: 0x00000584


cycle 938
PC: 0x00000588


cycle 939
PC: 0x0000058C


cycle 940
PC: 0x00000590


cycle 941
PC: 0x00000594


cycle 942
PC: 0x00000598


cycle 943
PC: 0x0000059C


cycle 944
PC: 0x000005A0


cycle 945
PC: 0x000005A4


cycle 946
PC: 0x000005A8


cycle 947
PC: 0x000005AC


cycle 948
PC: 0x000005B0


cycle 949
PC: 0x000005B4


cycle 950
PC: 0x000005B8


cycle 951
PC: 0x000005BC


cycle 952
PC: 0x000005C0


cycle 953
PC: 0x000005C4


cycle 954
PC: 0x000005C8


cycle 955
PC: 0x000005CC


cycle 956
PC: 0x000005D0


cycle 957
PC: 0x000005D4


cycle 958
PC: 0x000005D8


cycle 959
PC: 0x000005DC


cycle 960
PC: 0x000005E0


cycle 961
PC: 0x000005E4


cycle 962
PC: 0x000005E8


cycle 963
PC: 0x000005EC


cycle 964
PC: 0x000005F0


cycle 965
PC: 0x000005F4


cycle 966
PC: 0x000005F8


cycle 967
PC: 0x000005FC


cycle 968
PC: 0x00000600


cycle 969
PC: 0x00000604


cycle 970
PC: 0x00000608


cycle 971
PC: 0x0000060C


cycle 972
PC: 0x00000610


cycle 973
PC: 0x00000614


cycle 974
PC: 0x00000618


cycle 975
PC: 0x0000061C


cycle 976
PC: 0x00000620


cycle 977
PC: 0x00000624


cycle 978
PC: 0x00000628


cycle 979
PC: 0x0000062C


cycle 980
PC: 0x00000630


cycle 981
PC: 0x00000634


cycle 982
PC: 0x00000638


cycle 983
PC: 0x0000063C


cycle 984
PC: 0x00000640


cycle 985
PC: 0x00000644


cycle 986
PC: 0x00000648


cycle 987
PC: 0x0000064C


cycle 988
PC: 0x00000650


cycle 989
PC: 0x00000654


cycle 990
PC: 0x00000658


cycle 991
PC: 0x0000065C


cycle 992
PC: 0x00000660


cycle 993
PC: 0x00000664


cycle 994
PC: 0x00000668


cycle 995
PC: 0x0000066C


cycle 996
PC: 0x00000670


cycle 997
PC: 0x00000674


cycle 998
PC: 0x00000678


cycle 999
PC: 0x0000067C


cycle 1000
PC: 0x00000680


cycle 1001
PC: 0x00000684


cycle 1002
PC: 0x00000688


cycle 1003
PC: 0x0000068C


cycle 1004
PC: 0x00000690


cycle 1005
PC: 0x00000694


cycle 1006
PC: 0x00000698


cycle 1007
PC: 0x0000069C


cycle 1008
PC: 0x000006A0


cycle 1009
PC: 0x000006A4


cycle 1010
PC: 0x000006A8


cycle 1011
PC: 0x000006AC


cycle 1012
PC: 0x000006B0


cycle 1013
PC: 0x000006B4


cycle 1014
PC: 0x000006B8


cycle 1015
PC: 0x000006BC


cycle 1016
PC: 0x000006C0


cycle 1017
PC: 0x000006C4


cycle 1018
PC: 0x000006C8


cycle 1019
PC: 0x000006CC


cycle 1020
PC: 0x000006D0


cycle 1021
PC: 0x000006D4


cycle 1022
PC: 0x000006D8


cycle 1023
PC: 0x000006DC


cycle 1024
PC: 0x000006E0


cycle 1025
PC: 0x000006E4


cycle 1026
PC: 0x000006E8


cycle 1027
PC: 0x000006EC


cycle 1028
PC: 0x000006F0


cycle 1029
PC: 0x000006F4


cycle 1030
PC: 0x000006F8


cycle 1031
PC: 0x000006FC


cycle 1032
PC: 0x00000700


cycle 1033
PC: 0x00000704


cycle 1034
PC: 0x00000708


cycle 1035
PC: 0x0000070C


cycle 1036
PC: 0x00000710


cycle 1037
PC: 0x00000714


cycle 1038
PC: 0x00000718


cycle 1039
PC: 0x0000071C


cycle 1040
PC: 0x00000720


cycle 1041
PC: 0x00000724


cycle 1042
PC: 0x00000728


cycle 1043
PC: 0x0000072C


cycle 1044
PC: 0x00000730


cycle 1045
PC: 0x00000734


cycle 1046
PC: 0x00000738


cycle 1047
PC: 0x0000073C


cycle 1048
PC: 0x00000740


cycle 1049
PC: 0x00000744


cycle 1050
PC: 0x00000748


cycle 1051
PC: 0x0000074C


cycle 1052
PC: 0x00000750


cycle 1053
PC: 0x00000754


cycle 1054
PC: 0x00000758


cycle 1055
PC: 0x0000075C


cycle 1056
PC: 0x00000760


cycle 1057
PC: 0x00000764


cycle 1058
PC: 0x00000768


cycle 1059
PC: 0x0000076C


cycle 1060
PC: 0x00000770


cycle 1061
PC: 0x00000774


cycle 1062
PC: 0x00000778


cycle 1063
PC: 0x0000077C


cycle 1064
PC: 0x00000780


cycle 1065
PC: 0x00000784


cycle 1066
PC: 0x00000788


cycle 1067
PC: 0x0000078C


cycle 1068
PC: 0x00000790


cycle 1069
PC: 0x00000794


cycle 1070
PC: 0x00000798


cycle 1071
PC: 0x0000079C


cycle 1072
PC: 0x000007A0


cycle 1073
PC: 0x000007A4


cycle 1074
PC: 0x000007A8


cycle 1075
PC: 0x000007AC


cycle 1076
PC: 0x000007B0


cycle 1077
PC: 0x000007B4


cycle 1078
PC: 0x000007B8


cycle 1079
PC: 0x000007BC


cycle 1080
PC: 0x000007C0


cycle 1081
PC: 0x000007C4


cycle 1082
PC: 0x000007C8


cycle 1083
PC: 0x000007CC


cycle 1084
PC: 0x000007D0


cycle 1085
PC: 0x000007D4


cycle 1086
PC: 0x000007D8


cycle 1087
PC: 0x000007DC


cycle 1088
PC: 0x000007E0


cycle 1089
PC: 0x000007E4


cycle 1090
PC: 0x000007E8


cycle 1091
PC: 0x000007EC


cycle 1092
PC: 0x000007F0


cycle 1093
PC: 0x000007F4


cycle 1094
PC: 0x000007F8


cycle 1095
PC: 0x000007FC


cycle 1096
PC: 0x00000800


cycle 1097
PC: 0x00000804


cycle 1098
PC: 0x00000808


cycle 1099
PC: 0x0000080C


cycle 1100
PC: 0x00000810


cycle 1101
PC: 0x00000814


cycle 1102
PC: 0x00000818


cycle 1103
PC: 0x0000081C


cycle 1104
PC: 0x00000820


cycle 1105
PC: 0x00000824


cycle 1106
PC: 0x00000828


cycle 1107
PC: 0x0000082C


cycle 1108
PC: 0x00000830


cycle 1109
PC: 0x00000834


cycle 1110
PC: 0x00000838


cycle 1111
PC: 0x0000083C


cycle 1112
PC: 0x00000840


cycle 1113
PC: 0x00000844


cycle 1114
PC: 0x00000848


cycle 1115
PC: 0x0000084C


cycle 1116
PC: 0x00000850


cycle 1117
PC: 0x00000854


cycle 1118
PC: 0x00000858


cycle 1119
PC: 0x0000085C


cycle 1120
PC: 0x00000860


cycle 1121
PC: 0x00000864


cycle 1122
PC: 0x00000868


cycle 1123
PC: 0x0000086C


cycle 1124
PC: 0x00000870


cycle 1125
PC: 0x00000874


cycle 1126
PC: 0x00000878


cycle 1127
PC: 0x0000087C


cycle 1128
PC: 0x00000880


cycle 1129
PC: 0x00000884


cycle 1130
PC: 0x00000888


cycle 1131
PC: 0x0000088C


cycle 1132
PC: 0x00000890


cycle 1133
PC: 0x00000894


cycle 1134
PC: 0x00000898


cycle 1135
PC: 0x0000089C


cycle 1136
PC: 0x000008A0


cycle 1137
PC: 0x000008A4


cycle 1138
PC: 0x000008A8


cycle 1139
PC: 0x000008AC


cycle 1140
PC: 0x000008B0


cycle 1141
PC: 0x000008B4


cycle 1142
PC: 0x000008B8


cycle 1143
PC: 0x000008BC


cycle 1144
PC: 0x000008C0


cycle 1145
PC: 0x000008C4


cycle 1146
PC: 0x000008C8


cycle 1147
PC: 0x000008CC


cycle 1148
PC: 0x000008D0


cycle 1149
PC: 0x000008D4


cycle 1150
PC: 0x000008D8


cycle 1151
PC: 0x000008DC


cycle 1152
PC: 0x000008E0


cycle 1153
PC: 0x000008E4


cycle 1154
PC: 0x000008E8


cycle 1155
PC: 0x000008EC


cycle 1156
PC: 0x000008F0


cycle 1157
PC: 0x000008F4


cycle 1158
PC: 0x000008F8


cycle 1159
PC: 0x000008FC


cycle 1160
PC: 0x00000900


cycle 1161
PC: 0x00000904


cycle 1162
PC: 0x00000908


cycle 1163
PC: 0x0000090C


cycle 1164
PC: 0x00000910


cycle 1165
PC: 0x00000914


cycle 1166
PC: 0x00000918


cycle 1167
PC: 0x0000091C


cycle 1168
PC: 0x00000920


cycle 1169
PC: 0x00000924


cycle 1170
PC: 0x00000928


cycle 1171
PC: 0x0000092C


cycle 1172
PC: 0x00000930


cycle 1173
PC: 0x00000934


cycle 1174
PC: 0x00000938


cycle 1175
PC: 0x0000093C


cycle 1176
PC: 0x00000940


cycle 1177
PC: 0x00000944


cycle 1178
PC: 0x00000948


cycle 1179
PC: 0x0000094C


cycle 1180
PC: 0x00000950


cycle 1181
PC: 0x00000954


cycle 1182
PC: 0x00000958


cycle 1183
PC: 0x0000095C


cycle 1184
PC: 0x00000960


cycle 1185
PC: 0x00000964


cycle 1186
PC: 0x00000968


cycle 1187
PC: 0x0000096C


cycle 1188
PC: 0x00000970


cycle 1189
PC: 0x00000974


cycle 1190
PC: 0x00000978


cycle 1191
PC: 0x0000097C


cycle 1192
PC: 0x00000980


cycle 1193
PC: 0x00000984


cycle 1194
PC: 0x00000988


cycle 1195
PC: 0x0000098C


cycle 1196
PC: 0x00000990


cycle 1197
PC: 0x00000994


cycle 1198
PC: 0x00000998


cycle 1199
PC: 0x0000099C


cycle 1200
PC: 0x000009A0


cycle 1201
PC: 0x000009A4


cycle 1202
PC: 0x000009A8


cycle 1203
PC: 0x000009AC


cycle 1204
PC: 0x000009B0


cycle 1205
PC: 0x000009B4


cycle 1206
PC: 0x000009B8


cycle 1207
PC: 0x000009BC


cycle 1208
PC: 0x000009C0


cycle 1209
PC: 0x000009C4


cycle 1210
PC: 0x000009C8


cycle 1211
PC: 0x000009CC


cycle 1212
PC: 0x000009D0


cycle 1213
PC: 0x000009D4


cycle 1214
PC: 0x000009D8


cycle 1215
PC: 0x000009DC


cycle 1216
PC: 0x000009E0


cycle 1217
PC: 0x000009E4


cycle 1218
PC: 0x000009E8


cycle 1219
PC: 0x000009EC


cycle 1220
PC: 0x000009F0


cycle 1221
PC: 0x000009F4


cycle 1222
PC: 0x000009F8


cycle 1223
PC: 0x000009FC


cycle 1224
PC: 0x00000A00


cycle 1225
PC: 0x00000A04


cycle 1226
PC: 0x00000A08


cycle 1227
PC: 0x00000A0C


cycle 1228
PC: 0x00000A10


cycle 1229
PC: 0x00000A14


cycle 1230
PC: 0x00000A18


cycle 1231
PC: 0x00000A1C


cycle 1232
PC: 0x00000A20


cycle 1233
PC: 0x00000A24


cycle 1234
PC: 0x00000A28


cycle 1235
PC: 0x00000A2C


cycle 1236
PC: 0x00000A30


cycle 1237
PC: 0x00000A34


cycle 1238
PC: 0x00000A38


cycle 1239
PC: 0x00000A3C


cycle 1240
PC: 0x00000A40


cycle 1241
PC: 0x00000A44


cycle 1242
PC: 0x00000A48


cycle 1243
PC: 0x00000A4C


cycle 1244
PC: 0x00000A50


cycle 1245
PC: 0x00000A54


cycle 1246
PC: 0x00000A58


cycle 1247
PC: 0x00000A5C


cycle 1248
PC: 0x00000A60


cycle 1249
PC: 0x00000A64


cycle 1250
PC: 0x00000A68


cycle 1251
PC: 0x00000A6C


cycle 1252
PC: 0x00000A70


cycle 1253
PC: 0x00000A74


cycle 1254
PC: 0x00000A78


cycle 1255
PC: 0x00000A7C


cycle 1256
PC: 0x00000A80


cycle 1257
PC: 0x00000A84


cycle 1258
PC: 0x00000A88


cycle 1259
PC: 0x00000A8C


cycle 1260
PC: 0x00000A90


cycle 1261
PC: 0x00000A94


cycle 1262
PC: 0x00000A98


cycle 1263
PC: 0x00000A9C


cycle 1264
PC: 0x00000AA0


cycle 1265
PC: 0x00000AA4


cycle 1266
PC: 0x00000AA8


cycle 1267
PC: 0x00000AAC


cycle 1268
PC: 0x00000AB0


cycle 1269
PC: 0x00000AB4


cycle 1270
PC: 0x00000AB8


cycle 1271
PC: 0x00000ABC


cycle 1272
PC: 0x00000AC0


cycle 1273
PC: 0x00000AC4


cycle 1274
PC: 0x00000AC8


cycle 1275
PC: 0x00000ACC


cycle 1276
PC: 0x00000AD0


cycle 1277
PC: 0x00000AD4


cycle 1278
PC: 0x00000AD8


cycle 1279
PC: 0x00000ADC


cycle 1280
PC: 0x00000AE0


cycle 1281
PC: 0x00000AE4


cycle 1282
PC: 0x00000AE8


cycle 1283
PC: 0x00000AEC


cycle 1284
PC: 0x00000AF0


cycle 1285
PC: 0x00000AF4


cycle 1286
PC: 0x00000AF8


cycle 1287
PC: 0x00000AFC


cycle 1288
PC: 0x00000B00


cycle 1289
PC: 0x00000B04


cycle 1290
PC: 0x00000B08


cycle 1291
PC: 0x00000B0C


cycle 1292
PC: 0x00000B10


cycle 1293
PC: 0x00000B14


cycle 1294
PC: 0x00000B18


cycle 1295
PC: 0x00000B1C


cycle 1296
PC: 0x00000B20


cycle 1297
PC: 0x00000B24


cycle 1298
PC: 0x00000B28


cycle 1299
PC: 0x00000B2C


cycle 1300
PC: 0x00000B30


cycle 1301
PC: 0x00000B34


cycle 1302
PC: 0x00000B38


cycle 1303
PC: 0x00000B3C


cycle 1304
PC: 0x00000B40


cycle 1305
PC: 0x00000B44


cycle 1306
PC: 0x00000B48


cycle 1307
PC: 0x00000B4C


cycle 1308
PC: 0x00000B50


cycle 1309
PC: 0x00000B54


cycle 1310
PC: 0x00000B58


cycle 1311
PC: 0x00000B5C


cycle 1312
PC: 0x00000B60


cycle 1313
PC: 0x00000B64


cycle 1314
PC: 0x00000B68


cycle 1315
PC: 0x00000B6C


cycle 1316
PC: 0x00000B70


cycle 1317
PC: 0x00000B74


cycle 1318
PC: 0x00000B78


cycle 1319
PC: 0x00000B7C


cycle 1320
PC: 0x00000B80


cycle 1321
PC: 0x00000B84


cycle 1322
PC: 0x00000B88


cycle 1323
PC: 0x00000B8C


cycle 1324
PC: 0x00000B90


cycle 1325
PC: 0x00000B94


cycle 1326
PC: 0x00000B98


cycle 1327
PC: 0x00000B9C


cycle 1328
PC: 0x00000BA0


cycle 1329
PC: 0x00000BA4


cycle 1330
PC: 0x00000BA8


cycle 1331
PC: 0x00000BAC


cycle 1332
PC: 0x00000BB0


cycle 1333
PC: 0x00000BB4


cycle 1334
PC: 0x00000BB8


cycle 1335
PC: 0x00000BBC


cycle 1336
PC: 0x00000BC0


cycle 1337
PC: 0x00000BC4


cycle 1338
PC: 0x00000BC8


cycle 1339
PC: 0x00000BCC


cycle 1340
PC: 0x00000BD0


cycle 1341
PC: 0x00000BD4


cycle 1342
PC: 0x00000BD8


cycle 1343
PC: 0x00000BDC


cycle 1344
PC: 0x00000BE0


cycle 1345
PC: 0x00000BE4


cycle 1346
PC: 0x00000BE8


cycle 1347
PC: 0x00000BEC


cycle 1348
PC: 0x00000BF0


cycle 1349
PC: 0x00000BF4


cycle 1350
PC: 0x00000BF8


cycle 1351
PC: 0x00000BFC


cycle 1352
PC: 0x00000C00


cycle 1353
PC: 0x00000C04


cycle 1354
PC: 0x00000C08


cycle 1355
PC: 0x00000C0C


cycle 1356
PC: 0x00000C10


cycle 1357
PC: 0x00000C14


cycle 1358
PC: 0x00000C18


cycle 1359
PC: 0x00000C1C


cycle 1360
PC: 0x00000C20


cycle 1361
PC: 0x00000C24


cycle 1362
PC: 0x00000C28


cycle 1363
PC: 0x00000C2C


cycle 1364
PC: 0x00000C30


cycle 1365
PC: 0x00000C34


cycle 1366
PC: 0x00000C38


cycle 1367
PC: 0x00000C3C


cycle 1368
PC: 0x00000C40


cycle 1369
PC: 0x00000C44


cycle 1370
PC: 0x00000C48


cycle 1371
PC: 0x00000C4C


cycle 1372
PC: 0x00000C50


cycle 1373
PC: 0x00000C54


cycle 1374
PC: 0x00000C58


cycle 1375
PC: 0x00000C5C


cycle 1376
PC: 0x00000C60


cycle 1377
PC: 0x00000C64


cycle 1378
PC: 0x00000C68


cycle 1379
PC: 0x00000C6C


cycle 1380
PC: 0x00000C70


cycle 1381
PC: 0x00000C74


cycle 1382
PC: 0x00000C78


cycle 1383
PC: 0x00000C7C


cycle 1384
PC: 0x00000C80


cycle 1385
PC: 0x00000C84


cycle 1386
PC: 0x00000C88


cycle 1387
PC: 0x00000C8C


cycle 1388
PC: 0x00000C90


cycle 1389
PC: 0x00000C94


cycle 1390
PC: 0x00000C98


cycle 1391
PC: 0x00000C9C


cycle 1392
PC: 0x00000CA0


cycle 1393
PC: 0x00000CA4


cycle 1394
PC: 0x00000CA8


cycle 1395
PC: 0x00000CAC


cycle 1396
PC: 0x00000CB0


cycle 1397
PC: 0x00000CB4


cycle 1398
PC: 0x00000CB8


cycle 1399
PC: 0x00000CBC


cycle 1400
PC: 0x00000CC0


cycle 1401
PC: 0x00000CC4


cycle 1402
PC: 0x00000CC8


cycle 1403
PC: 0x00000CCC


cycle 1404
PC: 0x00000CD0


cycle 1405
PC: 0x00000CD4


cycle 1406
PC: 0x00000CD8


cycle 1407
PC: 0x00000CDC


cycle 1408
PC: 0x00000CE0


cycle 1409
PC: 0x00000CE4


cycle 1410
PC: 0x00000CE8


cycle 1411
PC: 0x00000CEC


cycle 1412
PC: 0x00000CF0


cycle 1413
PC: 0x00000CF4


cycle 1414
PC: 0x00000CF8


cycle 1415
PC: 0x00000CFC


cycle 1416
PC: 0x00000D00


cycle 1417
PC: 0x00000D04


cycle 1418
PC: 0x00000D08


cycle 1419
PC: 0x00000D0C


cycle 1420
PC: 0x00000D10


cycle 1421
PC: 0x00000D14


cycle 1422
PC: 0x00000D18


cycle 1423
PC: 0x00000D1C


cycle 1424
PC: 0x00000D20


cycle 1425
PC: 0x00000D24


cycle 1426
PC: 0x00000D28


cycle 1427
PC: 0x00000D2C


cycle 1428
PC: 0x00000D30


cycle 1429
PC: 0x00000D34


cycle 1430
PC: 0x00000D38


cycle 1431
PC: 0x00000D3C


cycle 1432
PC: 0x00000D40


cycle 1433
PC: 0x00000D44


cycle 1434
PC: 0x00000D48


cycle 1435
PC: 0x00000D4C


cycle 1436
PC: 0x00000D50


cycle 1437
PC: 0x00000D54


cycle 1438
PC: 0x00000D58


cycle 1439
PC: 0x00000D5C


cycle 1440
PC: 0x00000D60


cycle 1441
PC: 0x00000D64


cycle 1442
PC: 0x00000D68


cycle 1443
PC: 0x00000D6C


cycle 1444
PC: 0x00000D70


cycle 1445
PC: 0x00000D74


cycle 1446
PC: 0x00000D78


cycle 1447
PC: 0x00000D7C


cycle 1448
PC: 0x00000D80


cycle 1449
PC: 0x00000D84


cycle 1450
PC: 0x00000D88


cycle 1451
PC: 0x00000D8C


cycle 1452
PC: 0x00000D90


cycle 1453
PC: 0x00000D94


cycle 1454
PC: 0x00000D98


cycle 1455
PC: 0x00000D9C


cycle 1456
PC: 0x00000DA0


cycle 1457
PC: 0x00000DA4


cycle 1458
PC: 0x00000DA8


cycle 1459
PC: 0x00000DAC


cycle 1460
PC: 0x00000DB0


cycle 1461
PC: 0x00000DB4


cycle 1462
PC: 0x00000DB8


cycle 1463
PC: 0x00000DBC


cycle 1464
PC: 0x00000DC0


cycle 1465
PC: 0x00000DC4


cycle 1466
PC: 0x00000DC8


cycle 1467
PC: 0x00000DCC


cycle 1468
PC: 0x00000DD0


cycle 1469
PC: 0x00000DD4


cycle 1470
PC: 0x00000DD8


cycle 1471
PC: 0x00000DDC


cycle 1472
PC: 0x00000DE0


cycle 1473
PC: 0x00000DE4


cycle 1474
PC: 0x00000DE8


cycle 1475
PC: 0x00000DEC


cycle 1476
PC: 0x00000DF0


cycle 1477
PC: 0x00000DF4


cycle 1478
PC: 0x00000DF8


cycle 1479
PC: 0x00000DFC


cycle 1480
PC: 0x00000E00


cycle 1481
PC: 0x00000E04


cycle 1482
PC: 0x00000E08


cy